[08-May-2026 10:41:36 Asia/Jakarta] bootstrap: core.php started
[08-May-2026 10:42:06 Asia/Jakarta] bootstrap: core.php started
[08-May-2026 10:42:36 Asia/Jakarta] bootstrap: core.php started
[08-May-2026 10:43:06 Asia/Jakarta] bootstrap: core.php started
[08-May-2026 10:43:36 Asia/Jakarta] bootstrap: core.php started
[08-May-2026 10:44:06 Asia/Jakarta] bootstrap: core.php started
[08-May-2026 10:44:36 Asia/Jakarta] bootstrap: core.php started
[08-May-2026 10:45:06 Asia/Jakarta] bootstrap: core.php started
[08-May-2026 10:45:37 Asia/Jakarta] bootstrap: core.php started
[08-May-2026 10:46:07 Asia/Jakarta] bootstrap: core.php started
[08-May-2026 10:46:37 Asia/Jakarta] bootstrap: core.php started
[08-May-2026 10:47:07 Asia/Jakarta] bootstrap: core.php started
[08-May-2026 10:47:37 Asia/Jakarta] bootstrap: core.php started
[08-May-2026 10:48:07 Asia/Jakarta] bootstrap: core.php started
[08-May-2026 10:48:37 Asia/Jakarta] bootstrap: core.php started
[08-May-2026 10:49:05 Asia/Jakarta] bootstrap: core.php started
[08-May-2026 10:49:08 Asia/Jakarta] bootstrap: core.php started
[08-May-2026 10:49:09 Asia/Jakarta] bootstrap: core.php started
[08-May-2026 10:49:10 Asia/Jakarta] bootstrap: core.php started
[08-May-2026 10:49:11 Asia/Jakarta] bootstrap: core.php started
[08-May-2026 10:49:12 Asia/Jakarta] bootstrap: core.php started
[08-May-2026 10:49:13 Asia/Jakarta] bootstrap: core.php started
[08-May-2026 10:49:13 Asia/Jakarta] bootstrap: core.php started
[08-May-2026 10:49:14 Asia/Jakarta] bootstrap: core.php started
[08-May-2026 10:49:14 Asia/Jakarta] bootstrap: core.php started
[08-May-2026 10:49:15 Asia/Jakarta] bootstrap: core.php started
[08-May-2026 10:49:15 Asia/Jakarta] bootstrap: core.php started
[08-May-2026 10:49:18 Asia/Jakarta] bootstrap: core.php started
[08-May-2026 10:49:19 Asia/Jakarta] bootstrap: core.php started
[08-May-2026 10:49:19 Asia/Jakarta] bootstrap: core.php started
[08-May-2026 10:49:20 Asia/Jakarta] bootstrap: core.php started
[08-May-2026 10:49:20 Asia/Jakarta] bootstrap: core.php started
[08-May-2026 10:49:20 Asia/Jakarta] bootstrap: core.php started
[08-May-2026 10:49:21 Asia/Jakarta] bootstrap: core.php started
[08-May-2026 10:49:24 Asia/Jakarta] bootstrap: core.php started
[08-May-2026 10:49:25 Asia/Jakarta] bootstrap: core.php started
[08-May-2026 10:49:25 Asia/Jakarta] bootstrap: core.php started
[08-May-2026 10:49:26 Asia/Jakarta] bootstrap: core.php started
[08-May-2026 10:49:26 Asia/Jakarta] bootstrap: core.php started
[08-May-2026 10:49:35 Asia/Jakarta] bootstrap: core.php started
[08-May-2026 10:49:38 Asia/Jakarta] bootstrap: core.php started
[08-May-2026 10:49:38 Asia/Jakarta] get_today_attendance (action=get_today_attendance, type=masuk): Found 1 rows. First row has photo: YES
[08-May-2026 10:49:38 Asia/Jakarta] Photo snippet: storage/attendance/2026-05-08/69fd53b5af881_177820...
[08-May-2026 10:49:38 Asia/Jakarta] get_today_attendance: type=masuk, today=2026-05-08, count=1
[08-May-2026 10:49:38 Asia/Jakarta] bootstrap: core.php started
[08-May-2026 10:49:38 Asia/Jakarta] get_today_attendance (action=get_today_attendance, type=masuk): Found 1 rows. First row has photo: YES
[08-May-2026 10:49:38 Asia/Jakarta] Photo snippet: storage/attendance/2026-05-08/69fd53b5af881_177820...
[08-May-2026 10:49:38 Asia/Jakarta] get_today_attendance: type=masuk, today=2026-05-08, count=1
[08-May-2026 10:49:40 Asia/Jakarta] bootstrap: core.php started
[08-May-2026 10:49:40 Asia/Jakarta] bootstrap: core.php started
[08-May-2026 10:49:46 Asia/Jakarta] bootstrap: core.php started
[08-May-2026 10:49:47 Asia/Jakarta] Google Geocoding API error: This API is not activated on your API project. You may need to enable this API in the Google Cloud Console: https://console.cloud.google.com/apis/library?filter=category:maps. Learn more at https://developers.google.com/maps/gmp-get-started#enable-api-sdk.
[08-May-2026 10:49:47 Asia/Jakarta] Reverse geocoding success: No. 1 Jl. Jalan Belakang Monumen Telkom, Sukapura, Dayeuhkolot, Jawa Barat, 40257 (RT: , RW: )
[08-May-2026 10:49:47 Asia/Jakarta] Geocoding SUCCESS: OSM Zoom 18 - No. 1 Jl. Jalan Belakang Monumen Telkom, Sukapura, Dayeuhkolot, Jawa Barat, 40257
[08-May-2026 10:49:51 Asia/Jakarta] bootstrap: core.php started
[08-May-2026 10:49:53 Asia/Jakarta] bootstrap: core.php started
[08-May-2026 10:49:53 Asia/Jakarta] bootstrap: core.php started
[08-May-2026 10:50:04 Asia/Jakarta] bootstrap: core.php started
[08-May-2026 10:50:15 Asia/Jakarta] bootstrap: core.php started
[08-May-2026 10:50:15 Asia/Jakarta] bootstrap: core.php started
[08-May-2026 10:50:18 Asia/Jakarta] bootstrap: core.php started
[08-May-2026 10:50:19 Asia/Jakarta] bootstrap: core.php started
[08-May-2026 10:50:20 Asia/Jakarta] bootstrap: core.php started
[08-May-2026 10:50:20 Asia/Jakarta] bootstrap: core.php started
[08-May-2026 10:50:21 Asia/Jakarta] bootstrap: core.php started
[08-May-2026 10:50:22 Asia/Jakarta] bootstrap: core.php started
[08-May-2026 10:50:23 Asia/Jakarta] bootstrap: core.php started
[08-May-2026 10:50:23 Asia/Jakarta] get_kpi_data - User ID: 2, Is Admin: No
[08-May-2026 10:50:23 Asia/Jakarta] get_kpi_data - Session user: Array
(
    [id] => 2
    [role] => pegawai
    [email] => ranayodahanifah@gmail.com
    [nim] => 607012300035
    [nama] => Rana Yoda Hanifah
    [foto_base64] => face_2_1778148256.jpg
)

[08-May-2026 10:50:23 Asia/Jakarta] get_kpi_data - REQUEST user_id: 2
[08-May-2026 10:50:23 Asia/Jakarta] get_kpi_data - Period: 2026-05-01 to 2026-05-31
[08-May-2026 10:50:23 Asia/Jakarta] get_kpi_data - Individual employee KPI for user: 2
[08-May-2026 10:50:23 Asia/Jakarta] KPI Debug - User 2: Period start: 2026-05-01, Period end: 2026-05-31
[08-May-2026 10:50:23 Asia/Jakarta] KPI Debug - User 2: Found 3 attendance records
[08-May-2026 10:50:23 Asia/Jakarta] KPI Debug - User 2: Record 2 - Date: 2026-05-08, Status: terlambat, jam_masuk: 10:08:37, jam_masuk_iso: 2026-05-08 10:08:37, late_minutes: 128
[08-May-2026 10:50:23 Asia/Jakarta] KPI Debug - User 2: Found 0 izin/sakit records in period 2026-05-01 to 2026-05-31
[08-May-2026 10:50:23 Asia/Jakarta] KPI Debug - Employee registration date: 2025-08-29
[08-May-2026 10:50:23 Asia/Jakarta] KPI Debug - User 2: Total izin/sakit dates in map: 0
[08-May-2026 10:50:23 Asia/Jakarta] KPI Debug - User 2: Missing daily report on 2026-05-05
[08-May-2026 10:50:23 Asia/Jakarta] KPI Debug - User 2: Found ontime on 2026-05-05
[08-May-2026 10:50:23 Asia/Jakarta] KPI Debug - User 2: Found ontime on 2026-05-07
[08-May-2026 10:50:23 Asia/Jakarta] KPI Debug - User 2: Missing daily report on 2026-05-08
[08-May-2026 10:50:23 Asia/Jakarta] KPI Debug - User 2: Found late on 2026-05-08, late_minutes from DB: 128, jam_masuk: 10:08:37, jam_masuk_iso: 2026-05-08 10:08:37, status: terlambat
[08-May-2026 10:50:23 Asia/Jakarta] KPI Debug - User 2: Final counts - Ontime: 2, Late: 1, Izin/Sakit: 0, Alpha: 2, Overtime: 0
[08-May-2026 10:50:23 Asia/Jakarta] KPI Debug - User 2: actualWorkingDays from loop: 5
[08-May-2026 10:50:23 Asia/Jakarta] KPI Debug - User 2: lateRecords count: 1, lateRecords: Array
(
    [0] => 128
)

[08-May-2026 10:50:23 Asia/Jakarta] KPI Debug - User 2: daysWithData calculation: 2 + 1 + 0 + 2 = 5
[08-May-2026 10:50:23 Asia/Jakarta] KPI Debug - User 2: Using daysWithData (5) as divisor
[08-May-2026 10:50:23 Asia/Jakarta] KPI Debug - User 2: Final divisor (actualDaysForKPI): 5
[08-May-2026 10:50:23 Asia/Jakarta] KPI Debug - User 2: Ontime score: 200 (count: 2)
[08-May-2026 10:50:23 Asia/Jakarta] KPI Debug - User 2: Late occurrence: 128 minutes late = 0 score (100 - 128 = 0)
[08-May-2026 10:50:23 Asia/Jakarta] KPI Debug - User 2: Late total score: 0 (count: 1, records: Array
(
    [0] => 128
)
)
[08-May-2026 10:50:23 Asia/Jakarta] KPI Debug - User 2: Alpha count: 2 (score: 0)
[08-May-2026 10:50:23 Asia/Jakarta] KPI Debug - User 2: Izin/Sakit score: 0 (count: 0, per occurrence: 85)
[08-May-2026 10:50:23 Asia/Jakarta] KPI Debug - User 2: Overtime score: 0 (count: 0, per occurrence: 10)
[08-May-2026 10:50:23 Asia/Jakarta] KPI Debug - User 2: Daily report penalty for 2026-05-05: 50 (day score: 100)
[08-May-2026 10:50:23 Asia/Jakarta] KPI Debug - User 2: Daily report penalty for 2026-05-08: 0 (day score: 0)
[08-May-2026 10:50:23 Asia/Jakarta] KPI Debug - User 2: Total daily report penalty: 50, score after penalty: 150
[08-May-2026 10:50:23 Asia/Jakarta] KPI Debug - User 2: Total score before division: 150, Divided by: 5
[08-May-2026 10:50:23 Asia/Jakarta] KPI Debug - User 2: KPI score after division: 30
[08-May-2026 10:50:23 Asia/Jakarta] KPI Debug - User 2: Final KPI score: 30
[08-May-2026 10:50:23 Asia/Jakarta] get_kpi_data - Individual KPI calculation result: Array
(
    [user_id] => 2
    [nama] => Rana Yoda Hanifah
    [nim] => 607012300035
    [startup] => non-startup
    [foto_base64] => face_2_1778148256.jpg
    [total_working_days] => 19
    [actual_working_days] => 5
    [ontime_count] => 2
    [wfo_count] => 3
    [wfa_count] => 0
    [late_count] => 1
    [izin_sakit_count] => 0
    [alpha_count] => 2
    [overtime_count] => 0
    [missing_daily_reports_count] => 2
    [total_late_minutes] => 128
    [kpi_score] => 30
    [status] => Very Poor
    [period_start] => 2026-05-01
    [period_end] => 2026-05-31
    [employee_registration_date] => 2025-08-29 16:57:01
)

[08-May-2026 10:50:24 Asia/Jakarta] bootstrap: core.php started
[08-May-2026 10:50:24 Asia/Jakarta] get_kpi_data - User ID: 2, Is Admin: No
[08-May-2026 10:50:24 Asia/Jakarta] get_kpi_data - Session user: Array
(
    [id] => 2
    [role] => pegawai
    [email] => ranayodahanifah@gmail.com
    [nim] => 607012300035
    [nama] => Rana Yoda Hanifah
    [foto_base64] => face_2_1778148256.jpg
)

[08-May-2026 10:50:24 Asia/Jakarta] get_kpi_data - REQUEST user_id: 2
[08-May-2026 10:50:24 Asia/Jakarta] get_kpi_data - Period: 2026-05-01 to 2026-05-31
[08-May-2026 10:50:24 Asia/Jakarta] get_kpi_data - Individual employee KPI for user: 2
[08-May-2026 10:50:24 Asia/Jakarta] KPI Debug - User 2: Period start: 2026-05-01, Period end: 2026-05-31
[08-May-2026 10:50:24 Asia/Jakarta] KPI Debug - User 2: Found 3 attendance records
[08-May-2026 10:50:24 Asia/Jakarta] KPI Debug - User 2: Record 2 - Date: 2026-05-08, Status: terlambat, jam_masuk: 10:08:37, jam_masuk_iso: 2026-05-08 10:08:37, late_minutes: 128
[08-May-2026 10:50:24 Asia/Jakarta] KPI Debug - User 2: Found 0 izin/sakit records in period 2026-05-01 to 2026-05-31
[08-May-2026 10:50:24 Asia/Jakarta] KPI Debug - Employee registration date: 2025-08-29
[08-May-2026 10:50:24 Asia/Jakarta] KPI Debug - User 2: Total izin/sakit dates in map: 0
[08-May-2026 10:50:24 Asia/Jakarta] KPI Debug - User 2: Missing daily report on 2026-05-05
[08-May-2026 10:50:24 Asia/Jakarta] KPI Debug - User 2: Found ontime on 2026-05-05
[08-May-2026 10:50:24 Asia/Jakarta] KPI Debug - User 2: Found ontime on 2026-05-07
[08-May-2026 10:50:24 Asia/Jakarta] KPI Debug - User 2: Missing daily report on 2026-05-08
[08-May-2026 10:50:24 Asia/Jakarta] KPI Debug - User 2: Found late on 2026-05-08, late_minutes from DB: 128, jam_masuk: 10:08:37, jam_masuk_iso: 2026-05-08 10:08:37, status: terlambat
[08-May-2026 10:50:24 Asia/Jakarta] KPI Debug - User 2: Final counts - Ontime: 2, Late: 1, Izin/Sakit: 0, Alpha: 2, Overtime: 0
[08-May-2026 10:50:24 Asia/Jakarta] KPI Debug - User 2: actualWorkingDays from loop: 5
[08-May-2026 10:50:24 Asia/Jakarta] KPI Debug - User 2: lateRecords count: 1, lateRecords: Array
(
    [0] => 128
)

[08-May-2026 10:50:24 Asia/Jakarta] KPI Debug - User 2: daysWithData calculation: 2 + 1 + 0 + 2 = 5
[08-May-2026 10:50:24 Asia/Jakarta] KPI Debug - User 2: Using daysWithData (5) as divisor
[08-May-2026 10:50:24 Asia/Jakarta] KPI Debug - User 2: Final divisor (actualDaysForKPI): 5
[08-May-2026 10:50:24 Asia/Jakarta] KPI Debug - User 2: Ontime score: 200 (count: 2)
[08-May-2026 10:50:24 Asia/Jakarta] KPI Debug - User 2: Late occurrence: 128 minutes late = 0 score (100 - 128 = 0)
[08-May-2026 10:50:24 Asia/Jakarta] KPI Debug - User 2: Late total score: 0 (count: 1, records: Array
(
    [0] => 128
)
)
[08-May-2026 10:50:24 Asia/Jakarta] KPI Debug - User 2: Alpha count: 2 (score: 0)
[08-May-2026 10:50:24 Asia/Jakarta] KPI Debug - User 2: Izin/Sakit score: 0 (count: 0, per occurrence: 85)
[08-May-2026 10:50:24 Asia/Jakarta] KPI Debug - User 2: Overtime score: 0 (count: 0, per occurrence: 10)
[08-May-2026 10:50:24 Asia/Jakarta] KPI Debug - User 2: Daily report penalty for 2026-05-05: 50 (day score: 100)
[08-May-2026 10:50:24 Asia/Jakarta] KPI Debug - User 2: Daily report penalty for 2026-05-08: 0 (day score: 0)
[08-May-2026 10:50:24 Asia/Jakarta] KPI Debug - User 2: Total daily report penalty: 50, score after penalty: 150
[08-May-2026 10:50:24 Asia/Jakarta] KPI Debug - User 2: Total score before division: 150, Divided by: 5
[08-May-2026 10:50:24 Asia/Jakarta] KPI Debug - User 2: KPI score after division: 30
[08-May-2026 10:50:24 Asia/Jakarta] KPI Debug - User 2: Final KPI score: 30
[08-May-2026 10:50:24 Asia/Jakarta] get_kpi_data - Individual KPI calculation result: Array
(
    [user_id] => 2
    [nama] => Rana Yoda Hanifah
    [nim] => 607012300035
    [startup] => non-startup
    [foto_base64] => face_2_1778148256.jpg
    [total_working_days] => 19
    [actual_working_days] => 5
    [ontime_count] => 2
    [wfo_count] => 3
    [wfa_count] => 0
    [late_count] => 1
    [izin_sakit_count] => 0
    [alpha_count] => 2
    [overtime_count] => 0
    [missing_daily_reports_count] => 2
    [total_late_minutes] => 128
    [kpi_score] => 30
    [status] => Very Poor
    [period_start] => 2026-05-01
    [period_end] => 2026-05-31
    [employee_registration_date] => 2025-08-29 16:57:01
)

[08-May-2026 10:50:47 Asia/Jakarta] bootstrap: core.php started
